This file contains any messages produced by compilers while
running configure, to aid debugging if configure makes a mistake.

It was created by dedup configure 1.3.0, which was
generated by GNU Autoconf 2.67.  Invocation command line was

  $ ./configure 

## --------- ##
## Platform. ##
## --------- ##

hostname = Aigui-Desktop
uname -m = i686
uname -r = 2.6.32-5-686
uname -s = Linux
uname -v = #1 SMP Wed Jan 12 04:01:41 UTC 2011

/usr/bin/uname -p = unknown
/bin/uname -X     = unknown

/bin/arch              = unknown
/usr/bin/arch -k       = unknown
/usr/convex/getsysinfo = unknown
/usr/bin/hostinfo      = unknown
/bin/machine           = unknown
/usr/bin/oslevel       = unknown
/bin/universe          = unknown

PATH: /usr/local/sbin
PATH: /usr/local/bin
PATH: /usr/sbin
PATH: /usr/bin
PATH: /sbin
PATH: /bin


## ----------- ##
## Core tests. ##
## ----------- ##

configure:2210: checking for a BSD-compatible install
configure:2278: result: /usr/bin/install -c
configure:2289: checking whether build environment is sane
configure:2339: result: yes
configure:2480: checking for a thread-safe mkdir -p
configure:2519: result: /bin/mkdir -p
configure:2532: checking for gawk
configure:2548: found /usr/bin/gawk
configure:2559: result: gawk
configure:2570: checking whether make sets $(MAKE)
configure:2592: result: yes
configure:2722: checking for gcc
configure:2738: found /usr/bin/gcc
configure:2749: result: gcc
configure:2978: checking for C compiler version
configure:2987: gcc --version >&5
gcc (Debian 4.4.5-8) 4.4.5
Copyright (C) 2010 Free Software Foundation, Inc.
This is free software; see the source for copying conditions.  There is NO
warranty; not even for MERCHANTABILITY or FITNESS FOR A PARTICULAR PURPOSE.

configure:2998: $? = 0
configure:2987: gcc -v >&5
Using built-in specs.
Target: i486-linux-gnu
Configured with: ../src/configure -v --with-pkgversion='Debian 4.4.5-8' --with-bugurl=file:///usr/share/doc/gcc-4.4/README.Bugs --enable-languages=c,c++,fortran,objc,obj-c++ --prefix=/usr --program-suffix=-4.4 --enable-shared --enable-multiarch --enable-linker-build-id --with-system-zlib --libexecdir=/usr/lib --without-included-gettext --enable-threads=posix --with-gxx-include-dir=/usr/include/c++/4.4 --libdir=/usr/lib --enable-nls --enable-clocale=gnu --enable-libstdcxx-debug --enable-objc-gc --enable-targets=all --with-arch-32=i586 --with-tune=generic --enable-checking=release --build=i486-linux-gnu --host=i486-linux-gnu --target=i486-linux-gnu
Thread model: posix
gcc version 4.4.5 (Debian 4.4.5-8) 
configure:2998: $? = 0
configure:2987: gcc -V >&5
gcc: '-V' option must have argument
configure:2998: $? = 1
configure:2987: gcc -qversion >&5
gcc: unrecognized option '-qversion'
gcc: no input files
configure:2998: $? = 1
configure:3018: checking whether the C compiler works
configure:3040: gcc    conftest.c  >&5
configure:3044: $? = 0
configure:3092: result: yes
configure:3095: checking for C compiler default output file name
configure:3097: result: a.out
configure:3103: checking for suffix of executables
configure:3110: gcc -o conftest    conftest.c  >&5
configure:3114: $? = 0
configure:3136: result: 
configure:3158: checking whether we are cross compiling
configure:3166: gcc -o conftest    conftest.c  >&5
configure:3170: $? = 0
configure:3177: ./conftest
configure:3181: $? = 0
configure:3196: result: no
configure:3201: checking for suffix of object files
configure:3223: gcc -c   conftest.c >&5
configure:3227: $? = 0
configure:3248: result: o
configure:3252: checking whether we are using the GNU C compiler
configure:3271: gcc -c   conftest.c >&5
configure:3271: $? = 0
configure:3280: result: yes
configure:3289: checking whether gcc accepts -g
configure:3309: gcc -c -g  conftest.c >&5
configure:3309: $? = 0
configure:3350: result: yes
configure:3367: checking for gcc option to accept ISO C89
configure:3431: gcc  -c -g -O2  conftest.c >&5
configure:3431: $? = 0
configure:3444: result: none needed
configure:3475: checking for style of include used by make
configure:3503: result: GNU
configure:3528: checking dependency style of gcc
configure:3638: result: gcc3
configure:3654: checking whether gcc and cc understand -c and -o together
configure:3685: gcc -c conftest.c -o conftest2.o >&5
configure:3689: $? = 0
configure:3695: gcc -c conftest.c -o conftest2.o >&5
configure:3699: $? = 0
configure:3710: cc -c conftest.c >&5
configure:3714: $? = 0
configure:3722: cc -c conftest.c -o conftest2.o >&5
configure:3726: $? = 0
configure:3732: cc -c conftest.c -o conftest2.o >&5
configure:3736: $? = 0
configure:3754: result: yes
configure:3783: checking for inflate in -lz
configure:3808: gcc -o conftest -g -O2   conftest.c -lz   >&5
configure:3808: $? = 0
configure:3817: result: yes
configure:3828: checking for deflate in -lz
configure:3853: gcc -o conftest -g -O2   conftest.c -lz  -lz  >&5
configure:3853: $? = 0
configure:3862: result: yes
configure:3916: checking for ranlib
configure:3932: found /usr/bin/ranlib
configure:3943: result: ranlib
configure:3970: checking for dirent.h that defines DIR
configure:3989: gcc -c -g -O2  conftest.c >&5
configure:3989: $? = 0
configure:3997: result: yes
configure:4010: checking for library containing opendir
configure:4041: gcc -o conftest -g -O2   conftest.c -lz -lz  >&5
configure:4041: $? = 0
configure:4058: result: none required
configure:4130: checking how to run the C preprocessor
configure:4161: gcc -E  conftest.c
configure:4161: $? = 0
configure:4175: gcc -E  conftest.c
conftest.c:14:28: error: ac_nonexistent.h: No such file or directory
configure:4175: $? = 1
configure: failed program was:
| /* confdefs.h */
| #define PACKAGE_NAME "dedup"
| #define PACKAGE_TARNAME "dedup"
| #define PACKAGE_VERSION "1.3.0"
| #define PACKAGE_STRING "dedup 1.3.0"
| #define PACKAGE_BUGREPORT "Aigui.Liu@gmail.com"
| #define PACKAGE_URL ""
| #define PACKAGE "dedup"
| #define VERSION "1.3.0"
| #define HAVE_LIBZ 1
| #define HAVE_LIBZ 1
| #define HAVE_DIRENT_H 1
| /* end confdefs.h.  */
| #include <ac_nonexistent.h>
configure:4200: result: gcc -E
configure:4220: gcc -E  conftest.c
configure:4220: $? = 0
configure:4234: gcc -E  conftest.c
conftest.c:14:28: error: ac_nonexistent.h: No such file or directory
configure:4234: $? = 1
configure: failed program was:
| /* confdefs.h */
| #define PACKAGE_NAME "dedup"
| #define PACKAGE_TARNAME "dedup"
| #define PACKAGE_VERSION "1.3.0"
| #define PACKAGE_STRING "dedup 1.3.0"
| #define PACKAGE_BUGREPORT "Aigui.Liu@gmail.com"
| #define PACKAGE_URL ""
| #define PACKAGE "dedup"
| #define VERSION "1.3.0"
| #define HAVE_LIBZ 1
| #define HAVE_LIBZ 1
| #define HAVE_DIRENT_H 1
| /* end confdefs.h.  */
| #include <ac_nonexistent.h>
configure:4263: checking for grep that handles long lines and -e
configure:4321: result: /bin/grep
configure:4326: checking for egrep
configure:4388: result: /bin/grep -E
configure:4393: checking for ANSI C header files
configure:4413: gcc -c -g -O2  conftest.c >&5
configure:4413: $? = 0
configure:4486: gcc -o conftest -g -O2   conftest.c -lz -lz  >&5
configure:4486: $? = 0
configure:4486: ./conftest
configure:4486: $? = 0
configure:4497: result: yes
configure:4510: checking for sys/types.h
configure:4510: gcc -c -g -O2  conftest.c >&5
configure:4510: $? = 0
configure:4510: result: yes
configure:4510: checking for sys/stat.h
configure:4510: gcc -c -g -O2  conftest.c >&5
configure:4510: $? = 0
configure:4510: result: yes
configure:4510: checking for stdlib.h
configure:4510: gcc -c -g -O2  conftest.c >&5
configure:4510: $? = 0
configure:4510: result: yes
configure:4510: checking for string.h
configure:4510: gcc -c -g -O2  conftest.c >&5
configure:4510: $? = 0
configure:4510: result: yes
configure:4510: checking for memory.h
configure:4510: gcc -c -g -O2  conftest.c >&5
configure:4510: $? = 0
configure:4510: result: yes
configure:4510: checking for strings.h
configure:4510: gcc -c -g -O2  conftest.c >&5
configure:4510: $? = 0
configure:4510: result: yes
configure:4510: checking for inttypes.h
configure:4510: gcc -c -g -O2  conftest.c >&5
configure:4510: $? = 0
configure:4510: result: yes
configure:4510: checking for stdint.h
configure:4510: gcc -c -g -O2  conftest.c >&5
configure:4510: $? = 0
configure:4510: result: yes
configure:4510: checking for unistd.h
configure:4510: gcc -c -g -O2  conftest.c >&5
configure:4510: $? = 0
configure:4510: result: yes
configure:4525: checking fcntl.h usability
configure:4525: gcc -c -g -O2  conftest.c >&5
configure:4525: $? = 0
configure:4525: result: yes
configure:4525: checking fcntl.h presence
configure:4525: gcc -E  conftest.c
configure:4525: $? = 0
configure:4525: result: yes
configure:4525: checking for fcntl.h
configure:4525: result: yes
configure:4525: checking for stdlib.h
configure:4525: result: yes
configure:4525: checking for string.h
configure:4525: result: yes
configure:4525: checking for unistd.h
configure:4525: result: yes
configure:4525: checking getopt.h usability
configure:4525: gcc -c -g -O2  conftest.c >&5
configure:4525: $? = 0
configure:4525: result: yes
configure:4525: checking getopt.h presence
configure:4525: gcc -E  conftest.c
configure:4525: $? = 0
configure:4525: result: yes
configure:4525: checking for getopt.h
configure:4525: result: yes
configure:4525: checking zlib.h usability
configure:4525: gcc -c -g -O2  conftest.c >&5
configure:4525: $? = 0
configure:4525: result: yes
configure:4525: checking zlib.h presence
configure:4525: gcc -E  conftest.c
configure:4525: $? = 0
configure:4525: result: yes
configure:4525: checking for zlib.h
configure:4525: result: yes
configure:4537: checking for an ANSI C-conforming const
configure:4602: gcc -c -g -O2  conftest.c >&5
configure:4602: $? = 0
configure:4609: result: yes
configure:4617: checking for inline
configure:4633: gcc -c -g -O2  conftest.c >&5
configure:4633: $? = 0
configure:4641: result: inline
configure:4659: checking for size_t
configure:4659: gcc -c -g -O2  conftest.c >&5
configure:4659: $? = 0
configure:4659: gcc -c -g -O2  conftest.c >&5
conftest.c: In function 'main':
conftest.c:66: error: expected expression before ')' token
configure:4659: $? = 1
configure: failed program was:
| /* confdefs.h */
| #define PACKAGE_NAME "dedup"
| #define PACKAGE_TARNAME "dedup"
| #define PACKAGE_VERSION "1.3.0"
| #define PACKAGE_STRING "dedup 1.3.0"
| #define PACKAGE_BUGREPORT "Aigui.Liu@gmail.com"
| #define PACKAGE_URL ""
| #define PACKAGE "dedup"
| #define VERSION "1.3.0"
| #define HAVE_LIBZ 1
| #define HAVE_LIBZ 1
| #define HAVE_DIRENT_H 1
| #define STDC_HEADERS 1
| #define HAVE_SYS_TYPES_H 1
| #define HAVE_SYS_STAT_H 1
| #define HAVE_STDLIB_H 1
| #define HAVE_STRING_H 1
| #define HAVE_MEMORY_H 1
| #define HAVE_STRINGS_H 1
| #define HAVE_INTTYPES_H 1
| #define HAVE_STDINT_H 1
| #define HAVE_UNISTD_H 1
| #define HAVE_FCNTL_H 1
| #define HAVE_STDLIB_H 1
| #define HAVE_STRING_H 1
| #define HAVE_UNISTD_H 1
| #define HAVE_GETOPT_H 1
| #define HAVE_ZLIB_H 1
| /* end confdefs.h.  */
| #include <stdio.h>
| #ifdef HAVE_SYS_TYPES_H
| # include <sys/types.h>
| #endif
| #ifdef HAVE_SYS_STAT_H
| # include <sys/stat.h>
| #endif
| #ifdef STDC_HEADERS
| # include <stdlib.h>
| # include <stddef.h>
| #else
| # ifdef HAVE_STDLIB_H
| #  include <stdlib.h>
| # endif
| #endif
| #ifdef HAVE_STRING_H
| # if !defined STDC_HEADERS && defined HAVE_MEMORY_H
| #  include <memory.h>
| # endif
| # include <string.h>
| #endif
| #ifdef HAVE_STRINGS_H
| # include <strings.h>
| #endif
| #ifdef HAVE_INTTYPES_H
| # include <inttypes.h>
| #endif
| #ifdef HAVE_STDINT_H
| # include <stdint.h>
| #endif
| #ifdef HAVE_UNISTD_H
| # include <unistd.h>
| #endif
| int
| main ()
| {
| if (sizeof ((size_t)))
| 	    return 0;
|   ;
|   return 0;
| }
configure:4659: result: yes
configure:4672: checking whether closedir returns void
configure:4696: gcc -o conftest -g -O2   conftest.c -lz -lz  >&5
configure:4696: $? = 0
configure:4696: ./conftest
configure:4696: $? = 0
configure:4706: result: no
configure:4714: checking whether lstat correctly handles trailing slash
configure:4740: gcc -o conftest -g -O2   conftest.c -lz -lz  >&5
configure:4740: $? = 0
configure:4740: ./conftest
configure:4740: $? = 0
configure:4757: result: yes
configure:4776: checking whether lstat accepts an empty string
configure:4796: gcc -o conftest -g -O2   conftest.c -lz -lz  >&5
configure:4796: $? = 0
configure:4796: ./conftest
configure:4796: $? = 0
configure:4806: result: no
configure:4822: checking whether lstat correctly handles trailing slash
configure:4865: result: yes
configure:4886: checking for stdlib.h
configure:4886: result: yes
configure:4896: checking for GNU libc compatible malloc
configure:4920: gcc -o conftest -g -O2   conftest.c -lz -lz  >&5
configure:4920: $? = 0
configure:4920: ./conftest
configure:4920: $? = 0
configure:4930: result: yes
configure:4954: checking for memset
configure:4954: gcc -o conftest -g -O2   conftest.c -lz -lz  >&5
conftest.c:57: warning: conflicting types for built-in function 'memset'
configure:4954: $? = 0
configure:4954: result: yes
configure:4954: checking for mkdir
configure:4954: gcc -o conftest -g -O2   conftest.c -lz -lz  >&5
configure:4954: $? = 0
configure:4954: result: yes
configure:4954: checking for strdup
configure:4954: gcc -o conftest -g -O2   conftest.c -lz -lz  >&5
conftest.c:59: warning: conflicting types for built-in function 'strdup'
configure:4954: $? = 0
configure:4954: result: yes
configure:5085: creating ./config.status

## ---------------------- ##
## Running config.status. ##
## ---------------------- ##

This file was extended by dedup config.status 1.3.0, which was
generated by GNU Autoconf 2.67.  Invocation command line was

  CONFIG_FILES    = 
  CONFIG_HEADERS  = 
  CONFIG_LINKS    = 
  CONFIG_COMMANDS = 
  $ ./config.status 

on Aigui-Desktop

config.status:874: creating Makefile
config.status:874: creating src/Makefile
config.status:874: creating config.h
config.status:1054: config.h is unchanged
config.status:1102: executing depfiles commands

## ---------------- ##
## Cache variables. ##
## ---------------- ##

ac_cv_c_compiler_gnu=yes
ac_cv_c_const=yes
ac_cv_c_inline=inline
ac_cv_env_CC_set=
ac_cv_env_CC_value=
ac_cv_env_CFLAGS_set=
ac_cv_env_CFLAGS_value=
ac_cv_env_CPPFLAGS_set=
ac_cv_env_CPPFLAGS_value=
ac_cv_env_CPP_set=
ac_cv_env_CPP_value=
ac_cv_env_LDFLAGS_set=
ac_cv_env_LDFLAGS_value=
ac_cv_env_LIBS_set=
ac_cv_env_LIBS_value=
ac_cv_env_build_alias_set=
ac_cv_env_build_alias_value=
ac_cv_env_host_alias_set=
ac_cv_env_host_alias_value=
ac_cv_env_target_alias_set=
ac_cv_env_target_alias_value=
ac_cv_func_closedir_void=no
ac_cv_func_lstat_dereferences_slashed_symlink=yes
ac_cv_func_lstat_empty_string_bug=no
ac_cv_func_malloc_0_nonnull=yes
ac_cv_func_memset=yes
ac_cv_func_mkdir=yes
ac_cv_func_strdup=yes
ac_cv_header_dirent_dirent_h=yes
ac_cv_header_fcntl_h=yes
ac_cv_header_getopt_h=yes
ac_cv_header_inttypes_h=yes
ac_cv_header_memory_h=yes
ac_cv_header_stdc=yes
ac_cv_header_stdint_h=yes
ac_cv_header_stdlib_h=yes
ac_cv_header_string_h=yes
ac_cv_header_strings_h=yes
ac_cv_header_sys_stat_h=yes
ac_cv_header_sys_types_h=yes
ac_cv_header_unistd_h=yes
ac_cv_header_zlib_h=yes
ac_cv_lib_z_deflate=yes
ac_cv_lib_z_inflate=yes
ac_cv_objext=o
ac_cv_path_EGREP='/bin/grep -E'
ac_cv_path_GREP=/bin/grep
ac_cv_path_install='/usr/bin/install -c'
ac_cv_path_mkdir=/bin/mkdir
ac_cv_prog_AWK=gawk
ac_cv_prog_CPP='gcc -E'
ac_cv_prog_ac_ct_CC=gcc
ac_cv_prog_ac_ct_RANLIB=ranlib
ac_cv_prog_cc_c89=
ac_cv_prog_cc_g=yes
ac_cv_prog_cc_gcc_c_o=yes
ac_cv_prog_make_make_set=yes
ac_cv_search_opendir='none required'
ac_cv_type_size_t=yes
am_cv_CC_dependencies_compiler_type=gcc3

## ----------------- ##
## Output variables. ##
## ----------------- ##

ACLOCAL='${SHELL} /opt/workspace/deduputil/deduputil-1.4.1/missing --run aclocal-1.11'
AMDEPBACKSLASH='\'
AMDEP_FALSE='#'
AMDEP_TRUE=''
AMTAR='${SHELL} /opt/workspace/deduputil/deduputil-1.4.1/missing --run tar'
AUTOCONF='${SHELL} /opt/workspace/deduputil/deduputil-1.4.1/missing --run autoconf'
AUTOHEADER='${SHELL} /opt/workspace/deduputil/deduputil-1.4.1/missing --run autoheader'
AUTOMAKE='${SHELL} /opt/workspace/deduputil/deduputil-1.4.1/missing --run automake-1.11'
AWK='gawk'
CC='gcc'
CCDEPMODE='depmode=gcc3'
CFLAGS='-g -O2'
CPP='gcc -E'
CPPFLAGS=''
CYGPATH_W='echo'
DEFS='-DHAVE_CONFIG_H'
DEPDIR='.deps'
ECHO_C=''
ECHO_N='-n'
ECHO_T=''
EGREP='/bin/grep -E'
EXEEXT=''
GREP='/bin/grep'
INSTALL_DATA='${INSTALL} -m 644'
INSTALL_PROGRAM='${INSTALL}'
INSTALL_SCRIPT='${INSTALL}'
INSTALL_STRIP_PROGRAM='$(install_sh) -c -s'
LDFLAGS=''
LIBOBJS=''
LIBS='-lz -lz '
LTLIBOBJS=''
MAKEINFO='${SHELL} /opt/workspace/deduputil/deduputil-1.4.1/missing --run makeinfo'
MKDIR_P='/bin/mkdir -p'
OBJEXT='o'
PACKAGE='dedup'
PACKAGE_BUGREPORT='Aigui.Liu@gmail.com'
PACKAGE_NAME='dedup'
PACKAGE_STRING='dedup 1.3.0'
PACKAGE_TARNAME='dedup'
PACKAGE_URL=''
PACKAGE_VERSION='1.3.0'
PATH_SEPARATOR=':'
RANLIB='ranlib'
SET_MAKE=''
SHELL='/bin/bash'
STRIP=''
VERSION='1.3.0'
ac_ct_CC='gcc'
am__EXEEXT_FALSE=''
am__EXEEXT_TRUE='#'
am__fastdepCC_FALSE='#'
am__fastdepCC_TRUE=''
am__include='include'
am__isrc=''
am__leading_dot='.'
am__quote=''
am__tar='${AMTAR} chof - "$$tardir"'
am__untar='${AMTAR} xf -'
bindir='${exec_prefix}/bin'
build_alias=''
datadir='${datarootdir}'
datarootdir='${prefix}/share'
docdir='${datarootdir}/doc/${PACKAGE_TARNAME}'
dvidir='${docdir}'
exec_prefix='${prefix}'
host_alias=''
htmldir='${docdir}'
includedir='${prefix}/include'
infodir='${datarootdir}/info'
install_sh='${SHELL} /opt/workspace/deduputil/deduputil-1.4.1/install-sh'
libdir='${exec_prefix}/lib'
libexecdir='${exec_prefix}/libexec'
localedir='${datarootdir}/locale'
localstatedir='${prefix}/var'
mandir='${datarootdir}/man'
mkdir_p='/bin/mkdir -p'
oldincludedir='/usr/include'
pdfdir='${docdir}'
prefix='/usr/local'
program_transform_name='s,x,x,'
psdir='${docdir}'
sbindir='${exec_prefix}/sbin'
sharedstatedir='${prefix}/com'
sysconfdir='${prefix}/etc'
target_alias=''

## ----------- ##
## confdefs.h. ##
## ----------- ##

/* confdefs.h */
#define PACKAGE_NAME "dedup"
#define PACKAGE_TARNAME "dedup"
#define PACKAGE_VERSION "1.3.0"
#define PACKAGE_STRING "dedup 1.3.0"
#define PACKAGE_BUGREPORT "Aigui.Liu@gmail.com"
#define PACKAGE_URL ""
#define PACKAGE "dedup"
#define VERSION "1.3.0"
#define HAVE_LIBZ 1
#define HAVE_LIBZ 1
#define HAVE_DIRENT_H 1
#define STDC_HEADERS 1
#define HAVE_SYS_TYPES_H 1
#define HAVE_SYS_STAT_H 1
#define HAVE_STDLIB_H 1
#define HAVE_STRING_H 1
#define HAVE_MEMORY_H 1
#define HAVE_STRINGS_H 1
#define HAVE_INTTYPES_H 1
#define HAVE_STDINT_H 1
#define HAVE_UNISTD_H 1
#define HAVE_FCNTL_H 1
#define HAVE_STDLIB_H 1
#define HAVE_STRING_H 1
#define HAVE_UNISTD_H 1
#define HAVE_GETOPT_H 1
#define HAVE_ZLIB_H 1
#define LSTAT_FOLLOWS_SLASHED_SYMLINK 1
#define LSTAT_FOLLOWS_SLASHED_SYMLINK 1
#define HAVE_STDLIB_H 1
#define HAVE_MALLOC 1
#define HAVE_MEMSET 1
#define HAVE_MKDIR 1
#define HAVE_STRDUP 1

configure: exit 0

## ---------------------- ##
## Running config.status. ##
## ---------------------- ##

This file was extended by dedup config.status 1.3.0, which was
generated by GNU Autoconf 2.67.  Invocation command line was

  CONFIG_FILES    = 
  CONFIG_HEADERS  = 
  CONFIG_LINKS    = 
  CONFIG_COMMANDS = 
  $ ./config.status config.h

on Aigui-Desktop

config.status:874: creating config.h
config.status:1054: config.h is unchanged
